
> vite-project@0.0.0 dev
> vite

/mnt/d/KIMI_project/电商项目/nocode/nocode/node_modules/rollup/dist/native.js:64
		throw new Error(
		      ^

Error: Cannot find module @rollup/rollup-linux-x64-gnu. npm has a bug related to optional dependencies (https://github.com/npm/cli/issues/4828). Please try `npm i` again after removing both package-lock.json and node_modules directory.
    at requireWithFriendlyError (/mnt/d/KIMI_project/电商项目/nocode/nocode/node_modules/rollup/dist/native.js:64:9)
    at Object.<anonymous> (/mnt/d/KIMI_project/电商项目/nocode/nocode/node_modules/rollup/dist/native.js:73:76)
    at Module._compile (node:internal/modules/cjs/loader:1705:14)
    at Object..js (node:internal/modules/cjs/loader:1838:10)
    at Module.load (node:internal/modules/cjs/loader:1441:32)
    at Function._load (node:internal/modules/cjs/loader:1263:12)
    at TracingChannel.traceSync (node:diagnostics_channel:328:14)
    at wrapModuleLoad (node:internal/modules/cjs/loader:237:24)
    at cjsLoader (node:internal/modules/esm/translators:309:5)
    at ModuleWrap.<anonymous> (node:internal/modules/esm/translators:202:7) {
  [cause]: Error: Cannot find module '@rollup/rollup-linux-x64-gnu'
  Require stack:
  - /mnt/d/KIMI_project/电商项目/nocode/nocode/node_modules/rollup/dist/native.js
      at Function._resolveFilename (node:internal/modules/cjs/loader:1383:15)
      at defaultResolveImpl (node:internal/modules/cjs/loader:1025:19)
      at resolveForCJSWithHooks (node:internal/modules/cjs/loader:1030:22)
      at Function._load (node:internal/modules/cjs/loader:1192:37)
      at TracingChannel.traceSync (node:diagnostics_channel:328:14)
      at wrapModuleLoad (node:internal/modules/cjs/loader:237:24)
      at Module.require (node:internal/modules/cjs/loader:1463:12)
      at require (node:internal/modules/helpers:147:16)
      at requireWithFriendlyError (/mnt/d/KIMI_project/电商项目/nocode/nocode/node_modules/rollup/dist/native.js:46:10)
      at Object.<anonymous> (/mnt/d/KIMI_project/电商项目/nocode/nocode/node_modules/rollup/dist/native.js:73:76) {
    code: 'MODULE_NOT_FOUND',
    requireStack: [
      '/mnt/d/KIMI_project/电商项目/nocode/nocode/node_modules/rollup/dist/native.js'
    ]
  }
}

Node.js v22.22.2
